  pch.cpp
  Action.cpp
D:\Robotics\MRS\MRSlib\MRS\MRS\Source\Action.cpp(100,1): fatal error C1010: unexpected end of file while looking for precompiled header. Did you forget to add '#include "pch.h"' to your source?
  Actuator.cpp
D:\Robotics\MRS\MRSlib\MRS\MRS\Source\Actuator.cpp(64,1): fatal error C1010: unexpected end of file while looking for precompiled header. Did you forget to add '#include "pch.h"' to your source?
  ActuatorBlock.cpp
D:\Robotics\MRS\MRSlib\MRS\MRS\Source\ActuatorBlock.cpp(98,1): fatal error C1010: unexpected end of file while looking for precompiled header. Did you forget to add '#include "pch.h"' to your source?
  AngleJoint.cpp
D:\Robotics\MRS\MRSlib\MRS\MRS\Source\AngleJoint.cpp(1,1): fatal error C1010: unexpected end of file while looking for precompiled header. Did you forget to add '#include "pch.h"' to your source?
  CommunicationDevice.cpp
D:\Robotics\MRS\MRSlib\MRS\MRS\Source\CommunicationDevice.cpp(43,1): fatal error C1010: unexpected end of file while looking for precompiled header. Did you forget to add '#include "pch.h"' to your source?
  Condition.cpp
D:\Robotics\MRS\MRSlib\MRS\MRS\Source\Condition.cpp(26,1): fatal error C1010: unexpected end of file while looking for precompiled header. Did you forget to add '#include "pch.h"' to your source?
  Controller.cpp
D:\Robotics\MRS\MRSlib\MRS\MRS\Source\Controller.cpp(29,1): fatal error C1010: unexpected end of file while looking for precompiled header. Did you forget to add '#include "pch.h"' to your source?
  Device.cpp
D:\Robotics\MRS\MRSlib\MRS\MRS\Source\Device.cpp(62,1): fatal error C1010: unexpected end of file while looking for precompiled header. Did you forget to add '#include "pch.h"' to your source?
  DeviceBlock.cpp
D:\Robotics\MRS\MRSlib\MRS\MRS\Source\DeviceBlock.cpp(17,1): fatal error C1010: unexpected end of file while looking for precompiled header. Did you forget to add '#include "pch.h"' to your source?
  DeviceTree.cpp
D:\Robotics\MRS\MRSlib\MRS\MRS\Source\DeviceTree.cpp(85,1): fatal error C1010: unexpected end of file while looking for precompiled header. Did you forget to add '#include "pch.h"' to your source?
  DistanceSensor.cpp
D:\Robotics\MRS\MRSlib\MRS\MRS\Source\DistanceSensor.cpp(39,1): fatal error C1010: unexpected end of file while looking for precompiled header. Did you forget to add '#include "pch.h"' to your source?
  DistanceView.cpp
D:\Robotics\MRS\MRSlib\MRS\MRS\Source\DistanceView.cpp(79,1): fatal error C1010: unexpected end of file while looking for precompiled header. Did you forget to add '#include "pch.h"' to your source?
  Emitter.cpp
D:\Robotics\MRS\MRSlib\MRS\MRS\Source\Emitter.cpp(20,1): fatal error C1010: unexpected end of file while looking for precompiled header. Did you forget to add '#include "pch.h"' to your source?
  FeedbackPair.cpp
D:\Robotics\MRS\MRSlib\MRS\MRS\Source\FeedbackPair.cpp(14,1): fatal error C1010: unexpected end of file while looking for precompiled header. Did you forget to add '#include "pch.h"' to your source?
  MovementActuator2D_soccer.cpp
D:\Robotics\MRS\MRSlib\MRS\MRS\Source\MovementActuator2D_soccer.cpp(33,1): fatal error C1010: unexpected end of file while looking for precompiled header. Did you forget to add '#include "pch.h"' to your source?
  ObjectSensor.cpp
D:\Robotics\MRS\MRSlib\MRS\MRS\Source\ObjectSensor.cpp(30,1): fatal error C1010: unexpected end of file while looking for precompiled header. Did you forget to add '#include "pch.h"' to your source?
  ObjectView.cpp
D:\Robotics\MRS\MRSlib\MRS\MRS\Source\ObjectView.cpp(85,1): fatal error C1010: unexpected end of file while looking for precompiled header. Did you forget to add '#include "pch.h"' to your source?
  ProtocolParser.cpp
D:\Robotics\MRS\MRSlib\MRS\MRS\Source\ProtocolParser.cpp(184,1): fatal error C1010: unexpected end of file while looking for precompiled header. Did you forget to add '#include "pch.h"' to your source?
  Receiver.cpp
D:\Robotics\MRS\MRSlib\MRS\MRS\Source\Receiver.cpp(23,1): fatal error C1010: unexpected end of file while looking for precompiled header. Did you forget to add '#include "pch.h"' to your source?
  Sensor.cpp
D:\Robotics\MRS\MRSlib\MRS\MRS\Source\Sensor.cpp(42,1): fatal error C1010: unexpected end of file while looking for precompiled header. Did you forget to add '#include "pch.h"' to your source?
  Compiling...
  SensorBlock.cpp
D:\Robotics\MRS\MRSlib\MRS\MRS\Source\SensorBlock.cpp(68,1): fatal error C1010: unexpected end of file while looking for precompiled header. Did you forget to add '#include "pch.h"' to your source?
  SIMPLE_MRS_PARSER.cpp
D:\Robotics\MRS\MRSlib\MRS\MRS\Source\SIMPLE_MRS_PARSER.cpp(63,1): fatal error C1010: unexpected end of file while looking for precompiled header. Did you forget to add '#include "pch.h"' to your source?
  SpatialObjectSensor.cpp
D:\Robotics\MRS\MRSlib\MRS\MRS\Source\SpatialObjectSensor.cpp(59,1): fatal error C1010: unexpected end of file while looking for precompiled header. Did you forget to add '#include "pch.h"' to your source?
  Task.cpp
D:\Robotics\MRS\MRSlib\MRS\MRS\Source\Task.cpp(138,1): fatal error C1010: unexpected end of file while looking for precompiled header. Did you forget to add '#include "pch.h"' to your source?
  View.cpp
D:\Robotics\MRS\MRSlib\MRS\MRS\Source\View.cpp(50,1): fatal error C1010: unexpected end of file while looking for precompiled header. Did you forget to add '#include "pch.h"' to your source?
  View2DPosition.cpp
D:\Robotics\MRS\MRSlib\MRS\MRS\Source\View2DPosition.cpp(89,1): fatal error C1010: unexpected end of file while looking for precompiled header. Did you forget to add '#include "pch.h"' to your source?
  ViewObject.cpp
c1xx : fatal error C1083: Cannot open source file: 'D:\Robotics\MRS\MRSlib\MRS\MRS\Source\ViewObject.cpp': No such file or directory
  Worldview.cpp
D:\Robotics\MRS\MRSlib\MRS\MRS\Source\Worldview.cpp(14,1): fatal error C1010: unexpected end of file while looking for precompiled header. Did you forget to add '#include "pch.h"' to your source?
  Device_p.cpp
D:\Robotics\MRS\MRSlib\MRS\MRSbase_dll\Device_p.h(7,17): warning C4251: 'MRS::Device::Device_p::device': class 'MRS::Device::Device' needs to have dll-interface to be used by clients of class 'MRS::Device::Device_p'
D:\Robotics\MRS\MRSlib\MRS\MRS\Include\Device.hpp(28): message : see declaration of 'MRS::Device::Device'
  dllmain.cpp
D:\Robotics\MRS\MRSlib\MRS\MRSbase_dll\Device_p.h(7,17): warning C4251: 'MRS::Device::Device_p::device': class 'MRS::Device::Device' needs to have dll-interface to be used by clients of class 'MRS::Device::Device_p'
D:\Robotics\MRS\MRSlib\MRS\MRS\Include\Device.hpp(28): message : see declaration of 'MRS::Device::Device'
