d:\robotics\mrs\mrslib\mrs\mrsbase\x64\phonenetwork\mrsbase_windows.pch
d:\robotics\mrs\mrslib\mrs\mrsbase\x64\phonenetwork\mrsbase_windows.pdb
d:\robotics\mrs\mrslib\mrs\mrsbase\x64\phonenetwork\pch.obj
d:\robotics\mrs\mrslib\mrs\mrsbase\x64\phonenetwork\sensor.obj
d:\robotics\mrs\mrslib\mrs\mrsbase\x64\phonenetwork\receiver.obj
d:\robotics\mrs\mrslib\mrs\mrsbase\x64\phonenetwork\protocolparser.obj
d:\robotics\mrs\mrslib\mrs\mrsbase\x64\phonenetwork\objectview.obj
d:\robotics\mrs\mrslib\mrs\mrsbase\x64\phonenetwork\objectsensor.obj
d:\robotics\mrs\mrslib\mrs\mrsbase\x64\phonenetwork\movementactuator2d_soccer.obj
d:\robotics\mrs\mrslib\mrs\mrsbase\x64\phonenetwork\feedbackpair.obj
d:\robotics\mrs\mrslib\mrs\mrsbase\x64\phonenetwork\emitter.obj
d:\robotics\mrs\mrslib\mrs\mrsbase\x64\phonenetwork\distanceview.obj
d:\robotics\mrs\mrslib\mrs\mrsbase\x64\phonenetwork\distancesensor.obj
d:\robotics\mrs\mrslib\mrs\mrsbase\x64\phonenetwork\devicetree.obj
d:\robotics\mrs\mrslib\mrs\mrsbase\x64\phonenetwork\deviceblock.obj
d:\robotics\mrs\mrslib\mrs\mrsbase\x64\phonenetwork\device.obj
d:\robotics\mrs\mrslib\mrs\mrsbase\x64\phonenetwork\controller.obj
d:\robotics\mrs\mrslib\mrs\mrsbase\x64\phonenetwork\condition.obj
d:\robotics\mrs\mrslib\mrs\mrsbase\x64\phonenetwork\communicationdevice.obj
d:\robotics\mrs\mrslib\mrs\mrsbase\x64\phonenetwork\anglejoint.obj
d:\robotics\mrs\mrslib\mrs\mrsbase\x64\phonenetwork\actuatorblock.obj
d:\robotics\mrs\mrslib\mrs\mrsbase\x64\phonenetwork\actuator.obj
d:\robotics\mrs\mrslib\mrs\mrsbase\x64\phonenetwork\action.obj
d:\robotics\mrs\mrslib\mrs\mrsbase\x64\phonenetwork\world.obj
d:\robotics\mrs\mrslib\mrs\mrsbase\x64\phonenetwork\tree.obj
d:\robotics\mrs\mrslib\mrs\mrsbase\x64\phonenetwork\device_d_webots.obj
d:\robotics\mrs\mrslib\mrs\mrsbase\x64\phonenetwork\mrsbase.obj
d:\robotics\mrs\mrslib\mrs\mrsbase\x64\phonenetwork\agent.obj
d:\robotics\mrs\mrslib\mrs\mrsbase\x64\phonenetwork\worldview.obj
d:\robotics\mrs\mrslib\mrs\mrsbase\x64\phonenetwork\view2dposition.obj
d:\robotics\mrs\mrslib\mrs\mrsbase\x64\phonenetwork\view.obj
d:\robotics\mrs\mrslib\mrs\mrsbase\x64\phonenetwork\task.obj
d:\robotics\mrs\mrslib\mrs\mrsbase\x64\phonenetwork\simple_mrs_parser.obj
d:\robotics\mrs\mrslib\mrs\mrsbase\x64\phonenetwork\sensorblock.obj
d:\robotics\mrs\mrslib\mrs\mrsbase\x64\phonenetwork\spatialobjectsensor.obj
d:\robotics\mrs\mrslib\mrs\mrsbase\x64\phonenetwork\mrsbase_windows.tlog\cl.command.1.tlog
d:\robotics\mrs\mrslib\mrs\mrsbase\x64\phonenetwork\mrsbase_windows.tlog\cl.read.1.tlog
d:\robotics\mrs\mrslib\mrs\mrsbase\x64\phonenetwork\mrsbase_windows.tlog\cl.write.1.tlog
