d:\robotics\mrs\simulations\mrs_spacial_tasks\default_world\controllers\operator_robot\x64\release\vc141.pdb
d:\robotics\mrs\simulations\mrs_spacial_tasks\default_world\controllers\operator_robot\x64\release\motion.obj
d:\robotics\mrs\simulations\mrs_spacial_tasks\default_world\controllers\operator_robot\x64\release\lightsensor.obj
d:\robotics\mrs\simulations\mrs_spacial_tasks\default_world\controllers\operator_robot\x64\release\lidar.obj
d:\robotics\mrs\simulations\mrs_spacial_tasks\default_world\controllers\operator_robot\x64\release\led.obj
d:\robotics\mrs\simulations\mrs_spacial_tasks\default_world\controllers\operator_robot\x64\release\keyboard.obj
d:\robotics\mrs\simulations\mrs_spacial_tasks\default_world\controllers\operator_robot\x64\release\joystick.obj
d:\robotics\mrs\simulations\mrs_spacial_tasks\default_world\controllers\operator_robot\x64\release\inertialunit.obj
d:\robotics\mrs\simulations\mrs_spacial_tasks\default_world\controllers\operator_robot\x64\release\gyro.obj
d:\robotics\mrs\simulations\mrs_spacial_tasks\default_world\controllers\operator_robot\x64\release\gps.obj
d:\robotics\mrs\simulations\mrs_spacial_tasks\default_world\controllers\operator_robot\x64\release\field.obj
d:\robotics\mrs\simulations\mrs_spacial_tasks\default_world\controllers\operator_robot\x64\release\emitter.obj
d:\robotics\mrs\simulations\mrs_spacial_tasks\default_world\controllers\operator_robot\x64\release\distancesensor.obj
d:\robotics\mrs\simulations\mrs_spacial_tasks\default_world\controllers\operator_robot\x64\release\display.obj
d:\robotics\mrs\simulations\mrs_spacial_tasks\default_world\controllers\operator_robot\x64\release\differentialwheels.obj
d:\robotics\mrs\simulations\mrs_spacial_tasks\default_world\controllers\operator_robot\x64\release\device.obj
d:\robotics\mrs\simulations\mrs_spacial_tasks\default_world\controllers\operator_robot\x64\release\connector.obj
d:\robotics\mrs\simulations\mrs_spacial_tasks\default_world\controllers\operator_robot\x64\release\compass.obj
d:\robotics\mrs\simulations\mrs_spacial_tasks\default_world\controllers\operator_robot\x64\release\camera.obj
d:\robotics\mrs\simulations\mrs_spacial_tasks\default_world\controllers\operator_robot\x64\release\brake.obj
d:\robotics\mrs\simulations\mrs_spacial_tasks\default_world\controllers\operator_robot\x64\release\accelerometer.obj
d:\robotics\mrs\simulations\mrs_spacial_tasks\default_world\controllers\operator_robot\x64\release\operator_robot.obj
d:\robotics\mrs\simulations\mrs_spacial_tasks\default_world\controllers\operator_robot\x64\release\messagetranslator.obj
d:\robotics\mrs\simulations\mrs_spacial_tasks\default_world\controllers\operator_robot\x64\release\touchsensor.obj
d:\robotics\mrs\simulations\mrs_spacial_tasks\default_world\controllers\operator_robot\x64\release\supervisor.obj
d:\robotics\mrs\simulations\mrs_spacial_tasks\default_world\controllers\operator_robot\x64\release\speaker.obj
d:\robotics\mrs\simulations\mrs_spacial_tasks\default_world\controllers\operator_robot\x64\release\skin.obj
d:\robotics\mrs\simulations\mrs_spacial_tasks\default_world\controllers\operator_robot\x64\release\robot.obj
d:\robotics\mrs\simulations\mrs_spacial_tasks\default_world\controllers\operator_robot\x64\release\receiver.obj
d:\robotics\mrs\simulations\mrs_spacial_tasks\default_world\controllers\operator_robot\x64\release\rangefinder.obj
d:\robotics\mrs\simulations\mrs_spacial_tasks\default_world\controllers\operator_robot\x64\release\radar.obj
d:\robotics\mrs\simulations\mrs_spacial_tasks\default_world\controllers\operator_robot\x64\release\positionsensor.obj
d:\robotics\mrs\simulations\mrs_spacial_tasks\default_world\controllers\operator_robot\x64\release\pen.obj
d:\robotics\mrs\simulations\mrs_spacial_tasks\default_world\controllers\operator_robot\x64\release\node.obj
d:\robotics\mrs\simulations\mrs_spacial_tasks\default_world\controllers\operator_robot\x64\release\mouse.obj
d:\robotics\mrs\simulations\mrs_spacial_tasks\default_world\controllers\operator_robot\x64\release\motor.obj
d:\robotics\mrs\simulations\mrs_spacial_tasks\default_world\controllers\operator_robot\operator_robot.ipdb
d:\robotics\mrs\simulations\mrs_spacial_tasks\default_world\controllers\operator_robot\operator_robot.iobj
d:\robotics\mrs\simulations\mrs_spacial_tasks\default_world\controllers\operator_robot\operator_robot.pdb
d:\robotics\mrs\simulations\mrs_spacial_tasks\default_world\controllers\operator_robot\operator_robot.exe
d:\robotics\mrs\simulations\mrs_spacial_tasks\default_world\controllers\operator_robot\x64\release\operator_robot.tlog\cl.command.1.tlog
d:\robotics\mrs\simulations\mrs_spacial_tasks\default_world\controllers\operator_robot\x64\release\operator_robot.tlog\cl.read.1.tlog
d:\robotics\mrs\simulations\mrs_spacial_tasks\default_world\controllers\operator_robot\x64\release\operator_robot.tlog\cl.write.1.tlog
d:\robotics\mrs\simulations\mrs_spacial_tasks\default_world\controllers\operator_robot\x64\release\operator_robot.tlog\link.command.1.tlog
d:\robotics\mrs\simulations\mrs_spacial_tasks\default_world\controllers\operator_robot\x64\release\operator_robot.tlog\link.read.1.tlog
d:\robotics\mrs\simulations\mrs_spacial_tasks\default_world\controllers\operator_robot\x64\release\operator_robot.tlog\link.write.1.tlog
d:\robotics\mrs\simulations\mrs_spacial_tasks\default_world\controllers\operator_robot\x64\release\operator_robot.tlog\operator_robot.write.1u.tlog
