d:\robotics\mrs\mrslib\mrs\mrsbase\x64\release\mrsbase_windows.pch
d:\robotics\mrs\mrslib\mrs\mrsbase\x64\release\mrsbase_windows.pdb
d:\robotics\mrs\mrslib\mrs\mrsbase\x64\release\pch.obj
d:\robotics\mrs\mrslib\mrs\mrsbase\x64\release\view.obj
d:\robotics\mrs\mrslib\mrs\mrsbase\x64\release\sensor.obj
d:\robotics\mrs\mrslib\mrs\mrsbase\x64\release\actuator.obj
d:\robotics\mrs\mrslib\mrs\mrsbase\x64\release\action.obj
d:\robotics\mrs\mrslib\mrs\mrsbase\x64\release\world.obj
d:\robotics\mrs\mrslib\mrs\mrsbase\x64\release\tree.obj
d:\robotics\mrs\mrslib\mrs\mrsbase\x64\release\mrsbase.obj
d:\robotics\mrs\mrslib\mrs\mrsbase\x64\release\devicetree.obj
d:\robotics\mrs\mrslib\mrs\mrsbase\x64\release\agent.obj
d:\robotics\mrs\mrslib\mrs\mrsbase\x64\release\device.obj
d:\robotics\mrs\mrslib\mrs\x64\release\mrsbase_windows.lib
d:\robotics\mrs\mrslib\mrs\mrsbase\x64\release\mrsbase_windows.tlog\cl.command.1.tlog
d:\robotics\mrs\mrslib\mrs\mrsbase\x64\release\mrsbase_windows.tlog\cl.read.1.tlog
d:\robotics\mrs\mrslib\mrs\mrsbase\x64\release\mrsbase_windows.tlog\cl.write.1.tlog
d:\robotics\mrs\mrslib\mrs\mrsbase\x64\release\mrsbase_windows.tlog\lib-link.read.1.tlog
d:\robotics\mrs\mrslib\mrs\mrsbase\x64\release\mrsbase_windows.tlog\lib-link.write.1.tlog
d:\robotics\mrs\mrslib\mrs\mrsbase\x64\release\mrsbase_windows.tlog\lib.command.1.tlog
