  Accelerometer.cpp
  Brake.cpp
  Camera.cpp
  Compass.cpp
  Connector.cpp
  Device.cpp
  DifferentialWheels.cpp
  Display.cpp
  DistanceSensor.cpp
  Emitter.cpp
  Field.cpp
  GPS.cpp
  Gyro.cpp
  InertialUnit.cpp
  Joystick.cpp
  Keyboard.cpp
  LED.cpp
  Lidar.cpp
  LightSensor.cpp
  Motion.cpp
  Compiling...
  Motor.cpp
  Mouse.cpp
  Node.cpp
  Pen.cpp
  PositionSensor.cpp
  Radar.cpp
  RangeFinder.cpp
  Receiver.cpp
  Robot.cpp
  Skin.cpp
  Speaker.cpp
  Supervisor.cpp
  TouchSensor.cpp
  Nao_Controller.cpp
Accelerometer.obj : error LNK2001: unresolved external symbol _wb_accelerometer_enable
Accelerometer.obj : error LNK2001: unresolved external symbol _wb_accelerometer_get_values
Accelerometer.obj : error LNK2001: unresolved external symbol _wb_accelerometer_get_sampling_period
Accelerometer.obj : error LNK2001: unresolved external symbol _wb_accelerometer_disable
Brake.obj : error LNK2001: unresolved external symbol _wb_brake_get_position_sensor
Brake.obj : error LNK2001: unresolved external symbol _wb_brake_get_motor
Brake.obj : error LNK2001: unresolved external symbol _wb_brake_get_type
Brake.obj : error LNK2001: unresolved external symbol _wb_brake_set_damping_constant
Camera.obj : error LNK2001: unresolved external symbol _wb_camera_save_image
Camera.obj : error LNK2001: unresolved external symbol _wb_camera_has_recognition
Camera.obj : error LNK2001: unresolved external symbol _wb_camera_get_sampling_period
Camera.obj : error LNK2001: unresolved external symbol _wb_camera_get_min_focal_distance
Camera.obj : error LNK2001: unresolved external symbol _wb_camera_get_height
Camera.obj : error LNK2001: unresolved external symbol _wb_camera_disable
Camera.obj : error LNK2001: unresolved external symbol _wb_camera_recognition_get_sampling_period
Camera.obj : error LNK2001: unresolved external symbol _wb_camera_get_fov
Camera.obj : error LNK2001: unresolved external symbol _wb_camera_get_focal_distance
Camera.obj : error LNK2001: unresolved external symbol _wb_camera_recognition_get_objects
Camera.obj : error LNK2001: unresolved external symbol _wb_camera_recognition_get_number_of_objects
Camera.obj : error LNK2001: unresolved external symbol _wb_camera_get_max_fov
Camera.obj : error LNK2001: unresolved external symbol _wb_camera_get_width
Camera.obj : error LNK2001: unresolved external symbol _wb_camera_get_max_focal_distance
Camera.obj : error LNK2001: unresolved external symbol _wb_camera_get_image
Camera.obj : error LNK2001: unresolved external symbol _wb_camera_get_min_fov
Camera.obj : error LNK2001: unresolved external symbol _wb_camera_get_near
Camera.obj : error LNK2001: unresolved external symbol _wb_camera_recognition_disable
Camera.obj : error LNK2001: unresolved external symbol _wb_camera_set_fov
Camera.obj : error LNK2001: unresolved external symbol _wb_camera_enable
Camera.obj : error LNK2001: unresolved external symbol _wb_camera_recognition_enable
Camera.obj : error LNK2001: unresolved external symbol _wb_camera_get_focal_length
Camera.obj : error LNK2001: unresolved external symbol _wb_camera_set_focal_distance
Compass.obj : error LNK2001: unresolved external symbol _wb_compass_get_sampling_period
Compass.obj : error LNK2001: unresolved external symbol _wb_compass_get_values
Compass.obj : error LNK2001: unresolved external symbol _wb_compass_disable
Compass.obj : error LNK2001: unresolved external symbol _wb_compass_enable
Connector.obj : error LNK2001: unresolved external symbol _wb_connector_lock
Connector.obj : error LNK2001: unresolved external symbol _wb_connector_disable_presence
Connector.obj : error LNK2001: unresolved external symbol _wb_connector_unlock
Connector.obj : error LNK2001: unresolved external symbol _wb_connector_enable_presence
Connector.obj : error LNK2001: unresolved external symbol _wb_connector_get_presence
Connector.obj : error LNK2001: unresolved external symbol _wb_connector_get_presence_sampling_period
Device.obj : error LNK2001: unresolved external symbol _wb_device_get_model
Device.obj : error LNK2001: unresolved external symbol _wb_robot_get_device
Device.obj : error LNK2001: unresolved external symbol _wb_device_get_node_type
DifferentialWheels.obj : error LNK2001: unresolved external symbol _wb_differential_wheels_set_encoders
DifferentialWheels.obj : error LNK2001: unresolved external symbol _wb_differential_wheels_get_left_speed
DifferentialWheels.obj : error LNK2001: unresolved external symbol _wb_differential_wheels_enable_encoders
DifferentialWheels.obj : error LNK2001: unresolved external symbol _wb_differential_wheels_get_left_encoder
DifferentialWheels.obj : error LNK2001: unresolved external symbol _wb_differential_wheels_get_right_speed
DifferentialWheels.obj : error LNK2001: unresolved external symbol _wb_differential_wheels_disable_encoders
DifferentialWheels.obj : error LNK2001: unresolved external symbol _wb_differential_wheels_get_encoders_sampling_period
DifferentialWheels.obj : error LNK2001: unresolved external symbol _wb_differential_wheels_set_speed
DifferentialWheels.obj : error LNK2001: unresolved external symbol _wb_differential_wheels_get_speed_unit
DifferentialWheels.obj : error LNK2001: unresolved external symbol _wb_differential_wheels_get_right_encoder
DifferentialWheels.obj : error LNK2001: unresolved external symbol _wb_differential_wheels_get_max_speed
Display.obj : error LNK2001: unresolved external symbol _wb_display_draw_pixel
Display.obj : error LNK2001: unresolved external symbol _wb_display_fill_oval
Display.obj : error LNK2001: unresolved external symbol _wb_display_get_height
Display.obj : error LNK2001: unresolved external symbol _wb_display_set_alpha
Display.obj : error LNK2001: unresolved external symbol _wb_display_set_color
Display.obj : error LNK2001: unresolved external symbol _wb_display_draw_rectangle
Display.obj : error LNK2001: unresolved external symbol _wb_display_image_copy
Display.obj : error LNK2001: unresolved external symbol _wb_display_set_font
Display.obj : error LNK2001: unresolved external symbol _wb_display_detach_camera
Display.obj : error LNK2001: unresolved external symbol _wb_display_image_delete
Display.obj : error LNK2001: unresolved external symbol _wb_display_get_width
Display.obj : error LNK2001: unresolved external symbol _wb_display_attach_camera
Display.obj : error LNK2001: unresolved external symbol _wb_display_image_new
Display.obj : error LNK2001: unresolved external symbol _wb_display_image_save
Display.obj : error LNK2001: unresolved external symbol _wb_display_draw_line
Display.obj : error LNK2001: unresolved external symbol _wb_display_draw_text
Display.obj : error LNK2001: unresolved external symbol _wb_display_fill_rectangle
Display.obj : error LNK2001: unresolved external symbol _wb_display_image_load
Display.obj : error LNK2001: unresolved external symbol _wb_display_draw_oval
Display.obj : error LNK2001: unresolved external symbol _wb_display_fill_polygon
Display.obj : error LNK2001: unresolved external symbol _wb_display_image_paste
Display.obj : error LNK2001: unresolved external symbol _wb_display_draw_polygon
Display.obj : error LNK2001: unresolved external symbol _wb_display_set_opacity
DistanceSensor.obj : error LNK2001: unresolved external symbol _wb_distance_sensor_get_aperture
DistanceSensor.obj : error LNK2001: unresolved external symbol _wb_distance_sensor_get_sampling_period
DistanceSensor.obj : error LNK2001: unresolved external symbol _wb_distance_sensor_enable
DistanceSensor.obj : error LNK2001: unresolved external symbol _wb_distance_sensor_get_type
DistanceSensor.obj : error LNK2001: unresolved external symbol _wb_distance_sensor_get_value
DistanceSensor.obj : error LNK2001: unresolved external symbol _wb_distance_sensor_get_max_value
DistanceSensor.obj : error LNK2001: unresolved external symbol _wb_distance_sensor_disable
DistanceSensor.obj : error LNK2001: unresolved external symbol _wb_distance_sensor_get_min_value
Emitter.obj : error LNK2001: unresolved external symbol _wb_emitter_get_range
Emitter.obj : error LNK2001: unresolved external symbol _wb_emitter_send
Emitter.obj : error LNK2001: unresolved external symbol _wb_emitter_set_channel
Emitter.obj : error LNK2001: unresolved external symbol _wb_emitter_set_range
Emitter.obj : error LNK2001: unresolved external symbol _wb_emitter_get_buffer_size
Emitter.obj : error LNK2001: unresolved external symbol _wb_emitter_get_channel
Field.obj : error LNK2001: unresolved external symbol _wb_supervisor_field_insert_mf_color
Field.obj : error LNK2001: unresolved external symbol _wb_supervisor_field_set_sf_vec3f
Field.obj : error LNK2001: unresolved external symbol _wb_supervisor_field_insert_mf_vec3f
Field.obj : error LNK2001: unresolved external symbol _wb_supervisor_field_import_sf_node
Field.obj : error LNK2001: unresolved external symbol _wb_supervisor_field_get_sf_bool
Field.obj : error LNK2001: unresolved external symbol _wb_supervisor_field_set_sf_rotation
Field.obj : error LNK2001: unresolved external symbol _wb_supervisor_field_get_type_name
Field.obj : error LNK2001: unresolved external symbol _wb_supervisor_field_insert_mf_vec2f
Field.obj : error LNK2001: unresolved external symbol _wb_supervisor_field_import_mf_node
Field.obj : error LNK2001: unresolved external symbol _wb_supervisor_field_insert_mf_bool
Field.obj : error LNK2001: unresolved external symbol _wb_supervisor_field_get_type
Field.obj : error LNK2001: unresolved external symbol _wb_supervisor_field_set_mf_vec3f
Field.obj : error LNK2001: unresolved external symbol _wb_supervisor_field_set_mf_rotation
Field.obj : error LNK2001: unresolved external symbol _wb_supervisor_field_get_mf_bool
Field.obj : error LNK2001: unresolved external symbol _wb_supervisor_field_set_mf_bool
Field.obj : error LNK2001: unresolved external symbol _wb_supervisor_field_insert_mf_int32
Field.obj : error LNK2001: unresolved external symbol _wb_supervisor_field_set_sf_int32
Field.obj : error LNK2001: unresolved external symbol _wb_supervisor_field_get_sf_rotation
Field.obj : error LNK2001: unresolved external symbol _wb_supervisor_field_get_sf_node
Field.obj : error LNK2001: unresolved external symbol _wb_supervisor_field_set_mf_string
Field.obj : error LNK2001: unresolved external symbol _wb_supervisor_field_set_sf_color
Field.obj : error LNK2001: unresolved external symbol _wb_supervisor_field_insert_mf_float
Field.obj : error LNK2001: unresolved external symbol _wb_supervisor_field_set_sf_bool
Field.obj : error LNK2001: unresolved external symbol _wb_supervisor_field_remove_sf
Field.obj : error LNK2001: unresolved external symbol _wb_supervisor_field_get_count
Field.obj : error LNK2001: unresolved external symbol _wb_supervisor_field_get_mf_int32
Field.obj : error LNK2001: unresolved external symbol _wb_supervisor_field_get_sf_vec2f
Field.obj : error LNK2001: unresolved external symbol _wb_supervisor_field_get_mf_rotation
Field.obj : error LNK2001: unresolved external symbol _wb_supervisor_field_get_mf_node
Field.obj : error LNK2001: unresolved external symbol _wb_supervisor_field_get_sf_vec3f
Field.obj : error LNK2001: unresolved external symbol _wb_supervisor_field_get_mf_vec3f
Field.obj : error LNK2001: unresolved external symbol _wb_supervisor_field_insert_mf_rotation
Field.obj : error LNK2001: unresolved external symbol _wb_supervisor_field_get_sf_string
Field.obj : error LNK2001: unresolved external symbol _wb_supervisor_field_set_mf_float
Field.obj : error LNK2001: unresolved external symbol _wb_supervisor_field_import_mf_node_from_string
Field.obj : error LNK2001: unresolved external symbol _wb_supervisor_field_set_sf_float
Field.obj : error LNK2001: unresolved external symbol _wb_supervisor_field_set_mf_color
Field.obj : error LNK2001: unresolved external symbol _wb_supervisor_field_get_mf_vec2f
Field.obj : error LNK2001: unresolved external symbol _wb_supervisor_field_set_sf_vec2f
Field.obj : error LNK2001: unresolved external symbol _wb_supervisor_field_import_sf_node_from_string
Field.obj : error LNK2001: unresolved external symbol _wb_supervisor_field_get_mf_string
Field.obj : error LNK2001: unresolved external symbol _wb_supervisor_field_get_sf_float
Field.obj : error LNK2001: unresolved external symbol _wb_supervisor_field_get_mf_color
Field.obj : error LNK2001: unresolved external symbol _wb_supervisor_field_get_sf_color
Field.obj : error LNK2001: unresolved external symbol _wb_supervisor_field_insert_mf_string
Field.obj : error LNK2001: unresolved external symbol _wb_supervisor_field_set_mf_int32
Field.obj : error LNK2001: unresolved external symbol _wb_supervisor_field_get_sf_int32
Field.obj : error LNK2001: unresolved external symbol _wb_supervisor_field_get_mf_float
Field.obj : error LNK2001: unresolved external symbol _wb_supervisor_field_set_mf_vec2f
Field.obj : error LNK2001: unresolved external symbol _wb_supervisor_field_set_sf_string
Field.obj : error LNK2001: unresolved external symbol _wb_supervisor_field_remove_mf
GPS.obj : error LNK2001: unresolved external symbol _wb_gps_get_sampling_period
GPS.obj : error LNK2001: unresolved external symbol _wb_gps_get_speed
GPS.obj : error LNK2001: unresolved external symbol _wb_gps_enable
GPS.obj : error LNK2001: unresolved external symbol _wb_gps_get_coordinate_system
GPS.obj : error LNK2001: unresolved external symbol _wb_gps_disable
GPS.obj : error LNK2001: unresolved external symbol _wb_gps_convert_to_degrees_minutes_seconds
GPS.obj : error LNK2001: unresolved external symbol _wb_gps_get_values
Gyro.obj : error LNK2001: unresolved external symbol _wb_gyro_enable
Gyro.obj : error LNK2001: unresolved external symbol _wb_gyro_disable
Gyro.obj : error LNK2001: unresolved external symbol _wb_gyro_get_values
Gyro.obj : error LNK2001: unresolved external symbol _wb_gyro_get_sampling_period
InertialUnit.obj : error LNK2001: unresolved external symbol _wb_inertial_unit_get_roll_pitch_yaw
InertialUnit.obj : error LNK2001: unresolved external symbol _wb_inertial_unit_get_sampling_period
InertialUnit.obj : error LNK2001: unresolved external symbol _wb_inertial_unit_disable
InertialUnit.obj : error LNK2001: unresolved external symbol _wb_inertial_unit_enable
Joystick.obj : error LNK2001: unresolved external symbol _wb_joystick_get_axis_value
Joystick.obj : error LNK2001: unresolved external symbol _wb_joystick_disable
Joystick.obj : error LNK2001: unresolved external symbol _wb_joystick_get_number_of_axes
Joystick.obj : error LNK2001: unresolved external symbol _wb_joystick_enable
Joystick.obj : error LNK2001: unresolved external symbol _wb_joystick_is_connected
Joystick.obj : error LNK2001: unresolved external symbol _wb_joystick_get_number_of_povs
Joystick.obj : error LNK2001: unresolved external symbol _wb_joystick_get_pov_value
Joystick.obj : error LNK2001: unresolved external symbol _wb_joystick_set_constant_force
Joystick.obj : error LNK2001: unresolved external symbol _wb_joystick_get_sampling_period
Joystick.obj : error LNK2001: unresolved external symbol _wb_joystick_set_constant_force_duration
Joystick.obj : error LNK2001: unresolved external symbol _wb_joystick_set_resistance_gain
Joystick.obj : error LNK2001: unresolved external symbol _wb_joystick_set_force_axis
Joystick.obj : error LNK2001: unresolved external symbol _wb_joystick_set_auto_centering_gain
Joystick.obj : error LNK2001: unresolved external symbol _wb_joystick_get_pressed_button
Joystick.obj : error LNK2001: unresolved external symbol _wb_joystick_get_model
Keyboard.obj : error LNK2001: unresolved external symbol _wb_keyboard_disable
Keyboard.obj : error LNK2001: unresolved external symbol _wb_keyboard_enable
Keyboard.obj : error LNK2001: unresolved external symbol _wb_keyboard_get_sampling_period
Keyboard.obj : error LNK2001: unresolved external symbol _wb_keyboard_get_key
LED.obj : error LNK2001: unresolved external symbol _wb_led_get
LED.obj : error LNK2001: unresolved external symbol _wb_led_set
Lidar.obj : error LNK2001: unresolved external symbol _wb_lidar_get_layer_point_cloud
Lidar.obj : error LNK2001: unresolved external symbol _wb_lidar_get_point_cloud
Lidar.obj : error LNK2001: unresolved external symbol _wb_lidar_enable_point_cloud
Lidar.obj : error LNK2001: unresolved external symbol _wb_lidar_get_max_range
Lidar.obj : error LNK2001: unresolved external symbol _wb_lidar_get_layer_range_image
Lidar.obj : error LNK2001: unresolved external symbol _wb_lidar_get_min_frequency
Lidar.obj : error LNK2001: unresolved external symbol _wb_lidar_disable
Lidar.obj : error LNK2001: unresolved external symbol _wb_lidar_is_point_cloud_enabled
Lidar.obj : error LNK2001: unresolved external symbol _wb_lidar_get_sampling_period
Lidar.obj : error LNK2001: unresolved external symbol _wb_lidar_enable
Lidar.obj : error LNK2001: unresolved external symbol _wb_lidar_get_frequency
Lidar.obj : error LNK2001: unresolved external symbol _wb_lidar_get_max_frequency
Lidar.obj : error LNK2001: unresolved external symbol _wb_lidar_set_frequency
Lidar.obj : error LNK2001: unresolved external symbol _wb_lidar_get_min_range
Lidar.obj : error LNK2001: unresolved external symbol _wb_lidar_disable_point_cloud
Lidar.obj : error LNK2001: unresolved external symbol _wb_lidar_get_number_of_points
Lidar.obj : error LNK2001: unresolved external symbol _wb_lidar_get_fov
Lidar.obj : error LNK2001: unresolved external symbol _wb_lidar_get_number_of_layers
Lidar.obj : error LNK2001: unresolved external symbol _wb_lidar_get_range_image
Lidar.obj : error LNK2001: unresolved external symbol _wb_lidar_get_vertical_fov
Lidar.obj : error LNK2001: unresolved external symbol _wb_lidar_get_horizontal_resolution
LightSensor.obj : error LNK2001: unresolved external symbol _wb_light_sensor_get_sampling_period
LightSensor.obj : error LNK2001: unresolved external symbol _wb_light_sensor_disable
LightSensor.obj : error LNK2001: unresolved external symbol _wb_light_sensor_enable
LightSensor.obj : error LNK2001: unresolved external symbol _wb_light_sensor_get_value
Motion.obj : error LNK2001: unresolved external symbol _wbu_motion_delete
Motion.obj : error LNK2001: unresolved external symbol _wbu_motion_set_time
Motion.obj : error LNK2001: unresolved external symbol _wbu_motion_stop
Motion.obj : error LNK2001: unresolved external symbol _wbu_motion_get_duration
Motion.obj : error LNK2001: unresolved external symbol _wbu_motion_get_time
Motion.obj : error LNK2001: unresolved external symbol _wbu_motion_new
Motion.obj : error LNK2001: unresolved external symbol _wbu_motion_set_reverse
Motion.obj : error LNK2001: unresolved external symbol _wbu_motion_set_loop
Motion.obj : error LNK2001: unresolved external symbol _wbu_motion_is_over
Motion.obj : error LNK2001: unresolved external symbol _wbu_motion_play
Motor.obj : error LNK2001: unresolved external symbol _wb_motor_get_max_torque
Motor.obj : error LNK2001: unresolved external symbol _wb_motor_get_max_force
Motor.obj : error LNK2001: unresolved external symbol _wb_motor_get_velocity
Motor.obj : error LNK2001: unresolved external symbol _wb_motor_get_position_sensor
Motor.obj : error LNK2001: unresolved external symbol _wb_motor_get_available_force
Motor.obj : error LNK2001: unresolved external symbol _wb_motor_set_force
Motor.obj : error LNK2001: unresolved external symbol _wb_motor_set_position
Motor.obj : error LNK2001: unresolved external symbol _wb_motor_get_available_torque
Motor.obj : error LNK2001: unresolved external symbol _wb_motor_get_brake
Motor.obj : error LNK2001: unresolved external symbol _wb_motor_set_available_force
Motor.obj : error LNK2001: unresolved external symbol _wb_motor_get_max_velocity
Motor.obj : error LNK2001: unresolved external symbol _wb_motor_get_min_position
Motor.obj : error LNK2001: unresolved external symbol _wb_motor_get_force_feedback
Motor.obj : error LNK2001: unresolved external symbol _wb_motor_set_velocity
Motor.obj : error LNK2001: unresolved external symbol _wb_motor_set_control_pid
Motor.obj : error LNK2001: unresolved external symbol _wb_motor_get_force_feedback_sampling_period
Motor.obj : error LNK2001: unresolved external symbol _wb_motor_set_acceleration
Motor.obj : error LNK2001: unresolved external symbol _wb_motor_enable_force_feedback
Motor.obj : error LNK2001: unresolved external symbol _wb_motor_get_max_position
Motor.obj : error LNK2001: unresolved external symbol _wb_motor_get_target_position
Motor.obj : error LNK2001: unresolved external symbol _wb_motor_get_acceleration
Motor.obj : error LNK2001: unresolved external symbol _wb_motor_get_type
Motor.obj : error LNK2001: unresolved external symbol _wb_motor_disable_force_feedback
Mouse.obj : error LNK2001: unresolved external symbol _wb_mouse_get_state
Mouse.obj : error LNK2001: unresolved external symbol _wb_mouse_enable_3d_position
Mouse.obj : error LNK2001: unresolved external symbol _wb_mouse_get_sampling_period
Mouse.obj : error LNK2001: unresolved external symbol _wb_mouse_is_3d_position_enabled
Mouse.obj : error LNK2001: unresolved external symbol _wb_mouse_enable
Mouse.obj : error LNK2001: unresolved external symbol _wb_mouse_disable_3d_position
Mouse.obj : error LNK2001: unresolved external symbol _wb_mouse_disable
Node.obj : error LNK2001: unresolved external symbol _wb_supervisor_node_get_type_name
Node.obj : error LNK2001: unresolved external symbol _wb_supervisor_node_remove
Node.obj : error LNK2001: unresolved external symbol _wb_supervisor_node_get_def
Node.obj : error LNK2001: unresolved external symbol _wb_supervisor_node_get_center_of_mass
Node.obj : error LNK2001: unresolved external symbol _wb_supervisor_node_reset_physics
Node.obj : error LNK2001: unresolved external symbol _wb_supervisor_node_get_contact_point
Node.obj : error LNK2001: unresolved external symbol _wb_supervisor_node_move_viewpoint
Node.obj : error LNK2001: unresolved external symbol _wb_supervisor_node_get_field
Node.obj : error LNK2001: unresolved external symbol _wb_supervisor_node_get_base_type_name
Node.obj : error LNK2001: unresolved external symbol _wb_supervisor_node_restart_controller
Node.obj : error LNK2001: unresolved external symbol _wb_supervisor_node_add_torque
Node.obj : error LNK2001: unresolved external symbol _wb_supervisor_node_get_static_balance
Node.obj : error LNK2001: unresolved external symbol _wb_supervisor_node_get_parent_node
Node.obj : error LNK2001: unresolved external symbol _wb_supervisor_node_get_position
Node.obj : error LNK2001: unresolved external symbol _wb_supervisor_node_add_force_with_offset
Node.obj : error LNK2001: unresolved external symbol _wb_supervisor_node_get_velocity
Node.obj : error LNK2001: unresolved external symbol _wb_supervisor_node_add_force
Node.obj : error LNK2001: unresolved external symbol _wb_supervisor_node_get_id
Node.obj : error LNK2001: unresolved external symbol _wb_supervisor_node_set_velocity
Node.obj : error LNK2001: unresolved external symbol _wb_supervisor_node_set_visibility
Node.obj : error LNK2001: unresolved external symbol _wb_supervisor_node_get_type
Node.obj : error LNK2001: unresolved external symbol _wb_supervisor_node_get_number_of_contact_points
Node.obj : error LNK2001: unresolved external symbol _wb_supervisor_node_get_orientation
Pen.obj : error LNK2001: unresolved external symbol _wb_pen_set_ink_color
Pen.obj : error LNK2001: unresolved external symbol _wb_pen_write
PositionSensor.obj : error LNK2001: unresolved external symbol _wb_position_sensor_get_type
PositionSensor.obj : error LNK2001: unresolved external symbol _wb_position_sensor_get_sampling_period
PositionSensor.obj : error LNK2001: unresolved external symbol _wb_position_sensor_get_brake
PositionSensor.obj : error LNK2001: unresolved external symbol _wb_position_sensor_enable
PositionSensor.obj : error LNK2001: unresolved external symbol _wb_position_sensor_disable
PositionSensor.obj : error LNK2001: unresolved external symbol _wb_position_sensor_get_motor
PositionSensor.obj : error LNK2001: unresolved external symbol _wb_position_sensor_get_value
Radar.obj : error LNK2001: unresolved external symbol _wb_radar_get_horizontal_fov
Radar.obj : error LNK2001: unresolved external symbol _wb_radar_get_number_of_targets
Radar.obj : error LNK2001: unresolved external symbol _wb_radar_get_min_range
Radar.obj : error LNK2001: unresolved external symbol _wb_radar_get_max_range
Radar.obj : error LNK2001: unresolved external symbol _wb_radar_get_targets
Radar.obj : error LNK2001: unresolved external symbol _wb_radar_get_vertical_fov
Radar.obj : error LNK2001: unresolved external symbol _wb_radar_disable
Radar.obj : error LNK2001: unresolved external symbol _wb_radar_enable
Radar.obj : error LNK2001: unresolved external symbol _wb_radar_get_sampling_period
RangeFinder.obj : error LNK2001: unresolved external symbol _wb_range_finder_get_range_image
RangeFinder.obj : error LNK2001: unresolved external symbol _wb_range_finder_get_fov
RangeFinder.obj : error LNK2001: unresolved external symbol _wb_range_finder_get_height
RangeFinder.obj : error LNK2001: unresolved external symbol _wb_range_finder_get_sampling_period
RangeFinder.obj : error LNK2001: unresolved external symbol _wb_range_finder_get_min_range
RangeFinder.obj : error LNK2001: unresolved external symbol _wb_range_finder_disable
RangeFinder.obj : error LNK2001: unresolved external symbol _wb_range_finder_get_width
RangeFinder.obj : error LNK2001: unresolved external symbol _wb_range_finder_enable
RangeFinder.obj : error LNK2001: unresolved external symbol _wb_range_finder_save_image
RangeFinder.obj : error LNK2001: unresolved external symbol _wb_range_finder_get_max_range
Receiver.obj : error LNK2001: unresolved external symbol _wb_receiver_get_data
Receiver.obj : error LNK2001: unresolved external symbol _wb_receiver_get_queue_length
Receiver.obj : error LNK2001: unresolved external symbol _wb_receiver_next_packet
Receiver.obj : error LNK2001: unresolved external symbol _wb_receiver_get_data_size
Receiver.obj : error LNK2001: unresolved external symbol _wb_receiver_set_channel
Receiver.obj : error LNK2001: unresolved external symbol _wb_receiver_disable
Receiver.obj : error LNK2001: unresolved external symbol _wb_receiver_get_sampling_period
Receiver.obj : error LNK2001: unresolved external symbol _wb_receiver_get_signal_strength
Receiver.obj : error LNK2001: unresolved external symbol _wb_receiver_get_emitter_direction
Receiver.obj : error LNK2001: unresolved external symbol _wb_receiver_enable
Receiver.obj : error LNK2001: unresolved external symbol _wb_receiver_get_channel
Robot.obj : error LNK2001: unresolved external symbol _wb_robot_step
Robot.obj : error LNK2001: unresolved external symbol _wb_robot_wwi_receive
Robot.obj : error LNK2001: unresolved external symbol _wb_robot_battery_sensor_enable
Robot.obj : error LNK2001: unresolved external symbol _wb_robot_get_name
Robot.obj : error LNK2001: unresolved external symbol _wb_robot_get_custom_data
Robot.obj : error LNK2001: unresolved external symbol _wb_robot_battery_sensor_get_value
Robot.obj : error LNK2001: unresolved external symbol _wb_robot_get_type
Robot.obj : error LNK2001: unresolved external symbol _wb_robot_battery_sensor_disable
Robot.obj : error LNK2001: unresolved external symbol _wb_robot_init_msvc
Robot.obj : error LNK2001: unresolved external symbol _wb_robot_wait_for_user_input_event
Robot.obj : error LNK2001: unresolved external symbol _wb_robot_get_device_by_index
Robot.obj : error LNK2001: unresolved external symbol _wb_robot_set_mode
Robot.obj : error LNK2001: unresolved external symbol _wb_robot_wwi_send
Robot.obj : error LNK2001: unresolved external symbol _wb_robot_get_world_path
Robot.obj : error LNK2001: unresolved external symbol _wb_robot_get_time
Robot.obj : error LNK2001: unresolved external symbol _wb_robot_get_basic_time_step
Robot.obj : error LNK2001: unresolved external symbol _wb_robot_get_number_of_devices
Robot.obj : error LNK2001: unresolved external symbol _wb_robot_set_custom_data
Robot.obj : error LNK2001: unresolved external symbol _wb_robot_get_supervisor
Robot.obj : error LNK2001: unresolved external symbol _wb_device_get_name
Robot.obj : error LNK2001: unresolved external symbol _wb_robot_battery_sensor_get_sampling_period
Robot.obj : error LNK2001: unresolved external symbol _wb_robot_get_model
Robot.obj : error LNK2001: unresolved external symbol _wb_robot_get_controller_arguments
Robot.obj : error LNK2001: unresolved external symbol _wb_robot_get_project_path
Robot.obj : error LNK2001: unresolved external symbol _wb_robot_get_synchronization
Robot.obj : error LNK2001: unresolved external symbol _wb_robot_window_custom_function
Robot.obj : error LNK2001: unresolved external symbol _wb_robot_get_controller_name
Robot.obj : error LNK2001: unresolved external symbol _wb_robot_get_mode
Robot.obj : error LNK2001: unresolved external symbol _wb_robot_cleanup
Skin.obj : error LNK2001: unresolved external symbol _wb_skin_get_bone_orientation
Skin.obj : error LNK2001: unresolved external symbol _wb_skin_set_bone_orientation
Skin.obj : error LNK2001: unresolved external symbol _wb_skin_get_bone_count
Skin.obj : error LNK2001: unresolved external symbol _wb_skin_get_bone_name
Skin.obj : error LNK2001: unresolved external symbol _wb_skin_set_bone_position
Skin.obj : error LNK2001: unresolved external symbol _wb_skin_get_bone_position
Speaker.obj : error LNK2001: unresolved external symbol _wb_speaker_is_sound_playing
Speaker.obj : error LNK2001: unresolved external symbol _wb_speaker_set_engine
Speaker.obj : error LNK2001: unresolved external symbol _wb_speaker_stop
Speaker.obj : error LNK2001: unresolved external symbol _wb_speaker_get_engine
Speaker.obj : error LNK2001: unresolved external symbol _wb_speaker_set_language
Speaker.obj : error LNK2001: unresolved external symbol _wb_speaker_speak
Speaker.obj : error LNK2001: unresolved external symbol _wb_speaker_is_speaking
Speaker.obj : error LNK2001: unresolved external symbol _wb_speaker_play_sound
Speaker.obj : error LNK2001: unresolved external symbol _wb_speaker_get_language
Supervisor.obj : error LNK2001: unresolved external symbol _wb_supervisor_animation_stop_recording
Supervisor.obj : error LNK2001: unresolved external symbol _wb_supervisor_world_reload
Supervisor.obj : error LNK2001: unresolved external symbol _wb_supervisor_node_get_from_def
Supervisor.obj : error LNK2001: unresolved external symbol _wb_supervisor_simulation_reset_physics
Supervisor.obj : error LNK2001: unresolved external symbol _wb_supervisor_movie_start_recording
Supervisor.obj : error LNK2001: unresolved external symbol _wb_supervisor_set_label
Supervisor.obj : error LNK2001: unresolved external symbol _wb_supervisor_simulation_reset
Supervisor.obj : error LNK2001: unresolved external symbol _wb_supervisor_world_load
Supervisor.obj : error LNK2001: unresolved external symbol _wb_supervisor_movie_is_ready
Supervisor.obj : error LNK2001: unresolved external symbol _wb_supervisor_node_get_from_id
Supervisor.obj : error LNK2001: unresolved external symbol _wb_supervisor_movie_stop_recording
Supervisor.obj : error LNK2001: unresolved external symbol _wb_supervisor_movie_failed
Supervisor.obj : error LNK2001: unresolved external symbol _wb_supervisor_node_get_selected
Supervisor.obj : error LNK2001: unresolved external symbol _wb_supervisor_world_save
Supervisor.obj : error LNK2001: unresolved external symbol _wb_supervisor_simulation_get_mode
Supervisor.obj : error LNK2001: unresolved external symbol _wb_supervisor_simulation_set_mode
Supervisor.obj : error LNK2001: unresolved external symbol _wb_supervisor_virtual_reality_headset_is_used
Supervisor.obj : error LNK2001: unresolved external symbol _wb_supervisor_movie_get_status
Supervisor.obj : error LNK2001: unresolved external symbol _wb_supervisor_node_get_root
Supervisor.obj : error LNK2001: unresolved external symbol _wb_supervisor_animation_start_recording
Supervisor.obj : error LNK2001: unresolved external symbol _wb_supervisor_simulation_quit
Supervisor.obj : error LNK2001: unresolved external symbol _wb_supervisor_export_image
Supervisor.obj : error LNK2001: unresolved external symbol _wb_supervisor_virtual_reality_headset_get_position
Supervisor.obj : error LNK2001: unresolved external symbol _wb_supervisor_node_get_self
Supervisor.obj : error LNK2001: unresolved external symbol _wb_supervisor_virtual_reality_headset_get_orientation
TouchSensor.obj : error LNK2001: unresolved external symbol _wb_touch_sensor_get_values
TouchSensor.obj : error LNK2001: unresolved external symbol _wb_touch_sensor_get_value
TouchSensor.obj : error LNK2001: unresolved external symbol _wb_touch_sensor_get_sampling_period
TouchSensor.obj : error LNK2001: unresolved external symbol _wb_touch_sensor_enable
TouchSensor.obj : error LNK2001: unresolved external symbol _wb_touch_sensor_disable
TouchSensor.obj : error LNK2001: unresolved external symbol _wb_touch_sensor_get_type
D:\Robotics\MRS\Simulations\MRS_Spacial_Tasks\Football_Field\controllers\Nao_Controller\\Nao_Controller.exe : fatal error LNK1120: 381 unresolved externals
