d:\robotics\mrs\simulations\mrs_spacial_tasks\default_world\controllers\epuck_robot\x64\release\vc141.pdb
d:\robotics\mrs\simulations\mrs_spacial_tasks\default_world\controllers\epuck_robot\x64\release\motion.obj
d:\robotics\mrs\simulations\mrs_spacial_tasks\default_world\controllers\epuck_robot\x64\release\lightsensor.obj
d:\robotics\mrs\simulations\mrs_spacial_tasks\default_world\controllers\epuck_robot\x64\release\lidar.obj
d:\robotics\mrs\simulations\mrs_spacial_tasks\default_world\controllers\epuck_robot\x64\release\led.obj
d:\robotics\mrs\simulations\mrs_spacial_tasks\default_world\controllers\epuck_robot\x64\release\keyboard.obj
d:\robotics\mrs\simulations\mrs_spacial_tasks\default_world\controllers\epuck_robot\x64\release\joystick.obj
d:\robotics\mrs\simulations\mrs_spacial_tasks\default_world\controllers\epuck_robot\x64\release\inertialunit.obj
d:\robotics\mrs\simulations\mrs_spacial_tasks\default_world\controllers\epuck_robot\x64\release\gyro.obj
d:\robotics\mrs\simulations\mrs_spacial_tasks\default_world\controllers\epuck_robot\x64\release\gps.obj
d:\robotics\mrs\simulations\mrs_spacial_tasks\default_world\controllers\epuck_robot\x64\release\field.obj
d:\robotics\mrs\simulations\mrs_spacial_tasks\default_world\controllers\epuck_robot\x64\release\emitter.obj
d:\robotics\mrs\simulations\mrs_spacial_tasks\default_world\controllers\epuck_robot\x64\release\distancesensor.obj
d:\robotics\mrs\simulations\mrs_spacial_tasks\default_world\controllers\epuck_robot\x64\release\display.obj
d:\robotics\mrs\simulations\mrs_spacial_tasks\default_world\controllers\epuck_robot\x64\release\differentialwheels.obj
d:\robotics\mrs\simulations\mrs_spacial_tasks\default_world\controllers\epuck_robot\x64\release\device.obj
d:\robotics\mrs\simulations\mrs_spacial_tasks\default_world\controllers\epuck_robot\x64\release\connector.obj
d:\robotics\mrs\simulations\mrs_spacial_tasks\default_world\controllers\epuck_robot\x64\release\compass.obj
d:\robotics\mrs\simulations\mrs_spacial_tasks\default_world\controllers\epuck_robot\x64\release\camera.obj
d:\robotics\mrs\simulations\mrs_spacial_tasks\default_world\controllers\epuck_robot\x64\release\brake.obj
d:\robotics\mrs\simulations\mrs_spacial_tasks\default_world\controllers\epuck_robot\x64\release\accelerometer.obj
d:\robotics\mrs\simulations\mrs_spacial_tasks\default_world\controllers\epuck_robot\x64\release\communicationdevice.obj
d:\robotics\mrs\simulations\mrs_spacial_tasks\default_world\controllers\epuck_robot\x64\release\cbaa_manager.obj
d:\robotics\mrs\simulations\mrs_spacial_tasks\default_world\controllers\epuck_robot\x64\release\atask.obj
d:\robotics\mrs\simulations\mrs_spacial_tasks\default_world\controllers\epuck_robot\x64\release\analogsensor.obj
d:\robotics\mrs\simulations\mrs_spacial_tasks\default_world\controllers\epuck_robot\x64\release\actuatorblock.obj
d:\robotics\mrs\simulations\mrs_spacial_tasks\default_world\controllers\epuck_robot\x64\release\actuator.obj
d:\robotics\mrs\simulations\mrs_spacial_tasks\default_world\controllers\epuck_robot\x64\release\action.obj
d:\robotics\mrs\simulations\mrs_spacial_tasks\default_world\controllers\epuck_robot\x64\release\touchsensor.obj
d:\robotics\mrs\simulations\mrs_spacial_tasks\default_world\controllers\epuck_robot\x64\release\supervisor.obj
d:\robotics\mrs\simulations\mrs_spacial_tasks\default_world\controllers\epuck_robot\x64\release\speaker.obj
d:\robotics\mrs\simulations\mrs_spacial_tasks\default_world\controllers\epuck_robot\x64\release\skin.obj
d:\robotics\mrs\simulations\mrs_spacial_tasks\default_world\controllers\epuck_robot\x64\release\robot.obj
d:\robotics\mrs\simulations\mrs_spacial_tasks\default_world\controllers\epuck_robot\x64\release\receiver.obj
d:\robotics\mrs\simulations\mrs_spacial_tasks\default_world\controllers\epuck_robot\x64\release\rangefinder.obj
d:\robotics\mrs\simulations\mrs_spacial_tasks\default_world\controllers\epuck_robot\x64\release\radar.obj
d:\robotics\mrs\simulations\mrs_spacial_tasks\default_world\controllers\epuck_robot\x64\release\positionsensor.obj
d:\robotics\mrs\simulations\mrs_spacial_tasks\default_world\controllers\epuck_robot\x64\release\pen.obj
d:\robotics\mrs\simulations\mrs_spacial_tasks\default_world\controllers\epuck_robot\x64\release\node.obj
d:\robotics\mrs\simulations\mrs_spacial_tasks\default_world\controllers\epuck_robot\x64\release\mouse.obj
d:\robotics\mrs\simulations\mrs_spacial_tasks\default_world\controllers\epuck_robot\x64\release\motor.obj
d:\robotics\mrs\simulations\mrs_spacial_tasks\default_world\controllers\epuck_robot\x64\release\taskprioritylist.obj
d:\robotics\mrs\simulations\mrs_spacial_tasks\default_world\controllers\epuck_robot\x64\release\task.obj
d:\robotics\mrs\simulations\mrs_spacial_tasks\default_world\controllers\epuck_robot\x64\release\serialcommunication.obj
d:\robotics\mrs\simulations\mrs_spacial_tasks\default_world\controllers\epuck_robot\x64\release\sensorblock.obj
d:\robotics\mrs\simulations\mrs_spacial_tasks\default_world\controllers\epuck_robot\x64\release\sensor.obj
d:\robotics\mrs\simulations\mrs_spacial_tasks\default_world\controllers\epuck_robot\x64\release\mrs_robot.obj
d:\robotics\mrs\simulations\mrs_spacial_tasks\default_world\controllers\epuck_robot\x64\release\messagetranslator.obj
d:\robotics\mrs\simulations\mrs_spacial_tasks\default_world\controllers\epuck_robot\x64\release\epuck_robot.obj
d:\robotics\mrs\simulations\mrs_spacial_tasks\default_world\controllers\epuck_robot\x64\release\epuck_r.obj
d:\robotics\mrs\simulations\mrs_spacial_tasks\default_world\controllers\epuck_robot\x64\release\epuckledarray.obj
d:\robotics\mrs\simulations\mrs_spacial_tasks\default_world\controllers\epuck_robot\x64\release\epuckencoderset.obj
d:\robotics\mrs\simulations\mrs_spacial_tasks\default_world\controllers\epuck_robot\x64\release\epuckdrive.obj
d:\robotics\mrs\simulations\mrs_spacial_tasks\default_world\controllers\epuck_robot\x64\release\epuckdistancesensorarray.obj
d:\robotics\mrs\simulations\mrs_spacial_tasks\default_world\controllers\epuck_robot\x64\release\distanceview.obj
d:\robotics\mrs\simulations\mrs_spacial_tasks\default_world\controllers\epuck_robot\x64\release\directdrive.obj
d:\robotics\mrs\simulations\mrs_spacial_tasks\default_world\controllers\epuck_robot\x64\release\digitalactuatorarray.obj
d:\robotics\mrs\simulations\mrs_spacial_tasks\default_world\controllers\epuck_robot\x64\release\conditionundefined.obj
d:\robotics\mrs\simulations\mrs_spacial_tasks\default_world\controllers\epuck_robot\x64\release\conditionposition.obj
d:\robotics\mrs\simulations\mrs_spacial_tasks\default_world\controllers\epuck_robot\x64\release\conditionnull.obj
d:\robotics\mrs\simulations\mrs_spacial_tasks\default_world\controllers\epuck_robot\x64\release\condition.obj
d:\robotics\mrs\simulations\mrs_spacial_tasks\default_world\controllers\epuck_robot\x64\release\worldview.obj
d:\robotics\mrs\simulations\mrs_spacial_tasks\default_world\controllers\epuck_robot\x64\release\viewposition2d.obj
d:\robotics\mrs\simulations\mrs_spacial_tasks\default_world\controllers\epuck_robot\x64\release\view.obj
d:\robotics\mrs\simulations\mrs_spacial_tasks\default_world\controllers\epuck_robot\epuck_robot.ipdb
d:\robotics\mrs\simulations\mrs_spacial_tasks\default_world\controllers\epuck_robot\epuck_robot.iobj
d:\robotics\mrs\simulations\mrs_spacial_tasks\default_world\controllers\epuck_robot\epuck_robot.exe
d:\robotics\mrs\simulations\mrs_spacial_tasks\default_world\controllers\epuck_robot\epuck_robot.pdb
d:\robotics\mrs\simulations\mrs_spacial_tasks\default_world\controllers\epuck_robot\\epuck_robot.pdb
d:\robotics\mrs\simulations\mrs_spacial_tasks\default_world\controllers\epuck_robot\\epuck_robot.exe
d:\robotics\mrs\simulations\mrs_spacial_tasks\default_world\controllers\epuck_robot\x64\release\epuck_robot.tlog\cl.command.1.tlog
d:\robotics\mrs\simulations\mrs_spacial_tasks\default_world\controllers\epuck_robot\x64\release\epuck_robot.tlog\cl.read.1.tlog
d:\robotics\mrs\simulations\mrs_spacial_tasks\default_world\controllers\epuck_robot\x64\release\epuck_robot.tlog\cl.write.1.tlog
d:\robotics\mrs\simulations\mrs_spacial_tasks\default_world\controllers\epuck_robot\x64\release\epuck_robot.tlog\epuck_robot.write.1u.tlog
d:\robotics\mrs\simulations\mrs_spacial_tasks\default_world\controllers\epuck_robot\x64\release\epuck_robot.tlog\link.command.1.tlog
d:\robotics\mrs\simulations\mrs_spacial_tasks\default_world\controllers\epuck_robot\x64\release\epuck_robot.tlog\link.read.1.tlog
d:\robotics\mrs\simulations\mrs_spacial_tasks\default_world\controllers\epuck_robot\x64\release\epuck_robot.tlog\link.write.1.tlog
